g:\gigabytelibrary\documents\github\enigma-machine-c-\benigmamachine\benigmamachine\x64\debug\botienigmamachine.pch
g:\gigabytelibrary\documents\github\enigma-machine-c-\benigmamachine\benigmamachine\x64\debug\vc141.pdb
g:\gigabytelibrary\documents\github\enigma-machine-c-\benigmamachine\benigmamachine\x64\debug\vc141.idb
g:\gigabytelibrary\documents\github\enigma-machine-c-\benigmamachine\benigmamachine\x64\debug\pch.obj
g:\gigabytelibrary\documents\github\enigma-machine-c-\benigmamachine\benigmamachine\x64\debug\rotor.obj
g:\gigabytelibrary\documents\github\enigma-machine-c-\benigmamachine\benigmamachine\x64\debug\reflector.obj
g:\gigabytelibrary\documents\github\enigma-machine-c-\benigmamachine\benigmamachine\x64\debug\plugboard.obj
g:\gigabytelibrary\documents\github\enigma-machine-c-\benigmamachine\benigmamachine\x64\debug\benigmamachinemanager.obj
g:\gigabytelibrary\documents\github\enigma-machine-c-\benigmamachine\benigmamachine\x64\debug\benigmamachine.obj
g:\gigabytelibrary\documents\github\enigma-machine-c-\benigmamachine\benigmamachine\x64\debug\enigmamachine.obj
c:\users\viset\source\repos\benigmamachine\benigmamachine\x64\debug\botienigmamachine.pch
c:\users\viset\source\repos\benigmamachine\benigmamachine\x64\debug\vc141.pdb
c:\users\viset\source\repos\benigmamachine\benigmamachine\x64\debug\vc141.idb
c:\users\viset\source\repos\benigmamachine\benigmamachine\x64\debug\pch.obj
c:\users\viset\source\repos\benigmamachine\benigmamachine\x64\debug\rotor.obj
c:\users\viset\source\repos\benigmamachine\benigmamachine\x64\debug\reflector.obj
c:\users\viset\source\repos\benigmamachine\benigmamachine\x64\debug\plugboard.obj
c:\users\viset\source\repos\benigmamachine\benigmamachine\x64\debug\benigmamachinemanager.obj
c:\users\viset\source\repos\benigmamachine\benigmamachine\x64\debug\benigmamachine.obj
c:\users\viset\source\repos\benigmamachine\benigmamachine\x64\debug\enigmamachine.obj
g:\gigabytelibrary\documents\github\enigma-machine-c-\benigmamachine\x64\debug\botienigmamachine.exe
g:\gigabytelibrary\documents\github\enigma-machine-c-\benigmamachine\x64\debug\botienigmamachine.ilk
g:\gigabytelibrary\documents\github\enigma-machine-c-\benigmamachine\x64\debug\botienigmamachine.pdb
c:\users\viset\source\repos\benigmamachine\x64\debug\botienigmamachine.exe
c:\users\viset\source\repos\benigmamachine\x64\debug\botienigmamachine.ilk
c:\users\viset\source\repos\benigmamachine\x64\debug\botienigmamachine.pdb
c:\users\viset\source\repos\benigmamachine\benigmamachine\x64\debug\histerenigmamachine.obj
c:\users\viset\source\repos\benigmamachine\benigmamachine\x64\debug\histerenigmamachinemanager.obj
c:\users\viset\source\repos\benigmamachine\benigmamachine\x64\debug\histerenigmamachine.pch
c:\users\viset\source\repos\benigmamachine\benigmamachine\x64\debug\botienig.daab0102.tlog\cl.command.1.tlog
c:\users\viset\source\repos\benigmamachine\benigmamachine\x64\debug\botienig.daab0102.tlog\cl.read.1.tlog
c:\users\viset\source\repos\benigmamachine\benigmamachine\x64\debug\botienig.daab0102.tlog\cl.write.1.tlog
c:\users\viset\source\repos\benigmamachine\benigmamachine\x64\debug\botienig.daab0102.tlog\link.command.1.tlog
c:\users\viset\source\repos\benigmamachine\benigmamachine\x64\debug\botienig.daab0102.tlog\link.read.1.tlog
c:\users\viset\source\repos\benigmamachine\benigmamachine\x64\debug\botienig.daab0102.tlog\link.write.1.tlog
